<?xml version="1.0" encoding="UTF-8"?>
<!-- Generated by org.testng.reporters.JUnitReportReporter -->
<testsuite hostname="LAPTOP-J99CU6B4" failures="0" tests="1" name="sevenrmartSupermarket.Testscripts.LoginTest" time="6.415" errors="0" timestamp="2023-04-16T09:26:46 GST" skipped="0">
  <testcase classname="sevenrmartSupermarket.Testscripts.LoginTest" name="verifyLogin" time="6.415"/>
  <system-out/>
</testsuite> <!-- sevenrmartSupermarket.Testscripts.LoginTest -->
