<?xml version="1.0" encoding="UTF-8"?>
<!-- Generated by org.testng.reporters.JUnitReportReporter -->
<testsuite hostname="LAPTOP-J99CU6B4" failures="0" tests="1" name="sevenrmartSupermarket.Testscripts.Base" time="5.503" errors="0" timestamp="2023-04-14T14:53:51 GST" skipped="0">
  <testcase classname="sevenrmartSupermarket.Testscripts.Base" name="initializeBrowser" time="5.503"/>
  <system-out/>
</testsuite> <!-- sevenrmartSupermarket.Testscripts.Base -->
